1:C 28 Jun 2021 14:55:04.498 # oO0OoO0OoO0Oo Redis is starting oO0OoO0OoO0Oo
1:C 28 Jun 2021 14:55:04.502 # Redis version=6.2.4, bits=64, commit=00000000, modified=0, pid=1, just started
1:C 28 Jun 2021 14:55:04.504 # Configuration loaded
1:M 28 Jun 2021 14:55:04.510 * monotonic clock: POSIX clock_gettime
1:M 28 Jun 2021 14:55:04.526 * Running mode=standalone, port=6379.
1:M 28 Jun 2021 14:55:04.528 # Server initialized
1:M 28 Jun 2021 14:55:04.542 * Ready to accept connections
1:signal-handler (1624893677) Received SIGTERM scheduling shutdown...
1:M 28 Jun 2021 15:21:17.641 # User requested shutdown...
1:M 28 Jun 2021 15:21:17.643 * Calling fsync() on the AOF file.
1:M 28 Jun 2021 15:21:17.645 * Saving the final RDB snapshot before exiting.
1:M 28 Jun 2021 15:21:17.653 * DB saved on disk
1:M 28 Jun 2021 15:21:17.655 * Removing the pid file.
1:M 28 Jun 2021 15:21:17.659 # Redis is now ready to exit, bye bye...
1:C 28 Jun 2021 15:21:21.631 # oO0OoO0OoO0Oo Redis is starting oO0OoO0OoO0Oo
1:C 28 Jun 2021 15:21:21.634 # Redis version=6.2.4, bits=64, commit=00000000, modified=0, pid=1, just started
1:C 28 Jun 2021 15:21:21.636 # Configuration loaded
1:M 28 Jun 2021 15:21:21.641 * monotonic clock: POSIX clock_gettime
1:M 28 Jun 2021 15:21:21.655 * Running mode=standalone, port=6379.
1:M 28 Jun 2021 15:21:21.656 # Server initialized
1:M 28 Jun 2021 15:21:21.669 * Ready to accept connections
1:M 28 Jun 2021 15:21:24.309 - Accepted 172.20.0.1:65218
